<?xml version="1.0" encoding="UTF-8"?>
<robot generator="Robot 6.1 (Python 3.11.3 on win32)" generated="20230627 15:10:35.848" rpa="false" schemaversion="4">
<suite id="s1" name="Testcases" source="d:\SurveyAsia\Automation Testing\PengujianWebsite\testcases.robot">
<test id="s1-t1" name="TC01" line="10">
<kw name="Open Browser" library="SeleniumLibrary">
<arg>${URL}</arg>
<arg>${BROWSER}</arg>
<doc>Opens a new browser instance to the optional ``url``.</doc>
<msg timestamp="20230627 15:10:36.424" level="INFO">Opening browser 'Chrome' to base url 'https://alpha.surveyasia.id/register/researcher'.</msg>
<status status="PASS" starttime="20230627 15:10:36.419" endtime="20230627 15:10:40.880"/>
</kw>
<kw name="Maximize Browser Window" library="SeleniumLibrary">
<doc>Maximizes current browser window.</doc>
<status status="PASS" starttime="20230627 15:10:40.882" endtime="20230627 15:10:41.025"/>
</kw>
<kw name="Input Text" library="SeleniumLibrary">
<arg>id=nama_lengkap</arg>
<arg>${EMPTY}</arg>
<doc>Types the given ``text`` into the text field identified by ``locator``.</doc>
<msg timestamp="20230627 15:10:41.032" level="INFO">Typing text '' into text field 'id=nama_lengkap'.</msg>
<status status="PASS" starttime="20230627 15:10:41.027" endtime="20230627 15:10:41.222"/>
</kw>
<kw name="Input Text" library="SeleniumLibrary">
<arg>id=email</arg>
<arg>johnde@example.com</arg>
<doc>Types the given ``text`` into the text field identified by ``locator``.</doc>
<msg timestamp="20230627 15:10:41.225" level="INFO">Typing text 'johnde@example.com' into text field 'id=email'.</msg>
<status status="PASS" starttime="20230627 15:10:41.223" endtime="20230627 15:10:41.340"/>
</kw>
<kw name="Input Text" library="SeleniumLibrary">
<arg>id=telp</arg>
<arg>+6281234567890</arg>
<doc>Types the given ``text`` into the text field identified by ``locator``.</doc>
<msg timestamp="20230627 15:10:41.344" level="INFO">Typing text '+6281234567890' into text field 'id=telp'.</msg>
<status status="PASS" starttime="20230627 15:10:41.343" endtime="20230627 15:10:41.446"/>
</kw>
<kw name="Input Password" library="SeleniumLibrary">
<arg>id=password</arg>
<arg>Mypassword123@</arg>
<doc>Types the given password into the text field identified by ``locator``.</doc>
<msg timestamp="20230627 15:10:41.450" level="INFO">Typing password into text field 'id=password'.</msg>
<msg timestamp="20230627 15:10:41.485" level="INFO">Temporally setting log level to: NONE</msg>
<msg timestamp="20230627 15:10:41.565" level="INFO">Log level changed from NONE to INFO.</msg>
<status status="PASS" starttime="20230627 15:10:41.447" endtime="20230627 15:10:41.565"/>
</kw>
<kw name="Input Password" library="SeleniumLibrary">
<arg>id=password_confirmation</arg>
<arg>Mypassword123@</arg>
<doc>Types the given password into the text field identified by ``locator``.</doc>
<msg timestamp="20230627 15:10:41.582" level="INFO">Typing password into text field 'id=password_confirmation'.</msg>
<msg timestamp="20230627 15:10:41.666" level="INFO">Temporally setting log level to: NONE</msg>
<msg timestamp="20230627 15:10:41.737" level="INFO">Log level changed from NONE to INFO.</msg>
<status status="PASS" starttime="20230627 15:10:41.579" endtime="20230627 15:10:41.738"/>
</kw>
<kw name="Click Element" library="SeleniumLibrary">
<arg>id=checkbox</arg>
<doc>Click the element identified by ``locator``.</doc>
<msg timestamp="20230627 15:10:41.742" level="INFO">Clicking element 'id=checkbox'.</msg>
<status status="PASS" starttime="20230627 15:10:41.738" endtime="20230627 15:10:41.789"/>
</kw>
<kw name="Click Button" library="SeleniumLibrary">
<arg>name=submit</arg>
<doc>Clicks the button identified by ``locator``.</doc>
<msg timestamp="20230627 15:10:41.792" level="INFO">Clicking button 'name=submit'.</msg>
<status status="PASS" starttime="20230627 15:10:41.789" endtime="20230627 15:10:41.869"/>
</kw>
<kw name="Get Element Attribute" library="SeleniumLibrary">
<var>${class}</var>
<arg>css=#nama_lengkap</arg>
<arg>class</arg>
<doc>Returns the value of ``attribute`` from the element ``locator``.</doc>
<msg timestamp="20230627 15:10:42.053" level="INFO">${class} = form-control </msg>
<status status="PASS" starttime="20230627 15:10:41.877" endtime="20230627 15:10:42.054"/>
</kw>
<kw name="Should Contain" library="BuiltIn">
<arg>${class}</arg>
<arg>form-control</arg>
<doc>Fails if ``container`` does not contain ``item`` one or more times.</doc>
<status status="PASS" starttime="20230627 15:10:42.055" endtime="20230627 15:10:42.057"/>
</kw>
<kw name="Close Browser" library="SeleniumLibrary">
<doc>Closes the current browser.</doc>
<status status="PASS" starttime="20230627 15:10:42.070" endtime="20230627 15:10:44.283"/>
</kw>
<status status="PASS" starttime="20230627 15:10:36.417" endtime="20230627 15:10:44.284"/>
</test>
<test id="s1-t2" name="TC02" line="23">
<kw name="Open Browser" library="SeleniumLibrary">
<arg>${URL}</arg>
<arg>${BROWSER}</arg>
<doc>Opens a new browser instance to the optional ``url``.</doc>
<msg timestamp="20230627 15:10:44.292" level="INFO">Opening browser 'Chrome' to base url 'https://alpha.surveyasia.id/register/researcher'.</msg>
<status status="PASS" starttime="20230627 15:10:44.290" endtime="20230627 15:10:47.788"/>
</kw>
<kw name="Maximize Browser Window" library="SeleniumLibrary">
<doc>Maximizes current browser window.</doc>
<status status="PASS" starttime="20230627 15:10:47.789" endtime="20230627 15:10:47.915"/>
</kw>
<kw name="Input Text" library="SeleniumLibrary">
<arg>id=nama_lengkap</arg>
<arg>John</arg>
<doc>Types the given ``text`` into the text field identified by ``locator``.</doc>
<msg timestamp="20230627 15:10:47.920" level="INFO">Typing text 'John' into text field 'id=nama_lengkap'.</msg>
<status status="PASS" starttime="20230627 15:10:47.916" endtime="20230627 15:10:48.050"/>
</kw>
<kw name="Input Text" library="SeleniumLibrary">
<arg>id=email</arg>
<arg>johndoe@example.com</arg>
<doc>Types the given ``text`` into the text field identified by ``locator``.</doc>
<msg timestamp="20230627 15:10:48.053" level="INFO">Typing text 'johndoe@example.com' into text field 'id=email'.</msg>
<status status="PASS" starttime="20230627 15:10:48.051" endtime="20230627 15:10:48.148"/>
</kw>
<kw name="Input Text" library="SeleniumLibrary">
<arg>id=telp</arg>
<arg>+6281234567890</arg>
<doc>Types the given ``text`` into the text field identified by ``locator``.</doc>
<msg timestamp="20230627 15:10:48.151" level="INFO">Typing text '+6281234567890' into text field 'id=telp'.</msg>
<status status="PASS" starttime="20230627 15:10:48.149" endtime="20230627 15:10:48.232"/>
</kw>
<kw name="Input Password" library="SeleniumLibrary">
<arg>id=password</arg>
<arg>Mypassword123@</arg>
<doc>Types the given password into the text field identified by ``locator``.</doc>
<msg timestamp="20230627 15:10:48.234" level="INFO">Typing password into text field 'id=password'.</msg>
<msg timestamp="20230627 15:10:48.266" level="INFO">Temporally setting log level to: NONE</msg>
<msg timestamp="20230627 15:10:48.316" level="INFO">Log level changed from NONE to INFO.</msg>
<status status="PASS" starttime="20230627 15:10:48.232" endtime="20230627 15:10:48.317"/>
</kw>
<kw name="Input Password" library="SeleniumLibrary">
<arg>id=password_confirmation</arg>
<arg>Mypassword123@</arg>
<doc>Types the given password into the text field identified by ``locator``.</doc>
<msg timestamp="20230627 15:10:48.321" level="INFO">Typing password into text field 'id=password_confirmation'.</msg>
<msg timestamp="20230627 15:10:48.370" level="INFO">Temporally setting log level to: NONE</msg>
<msg timestamp="20230627 15:10:48.416" level="INFO">Log level changed from NONE to INFO.</msg>
<status status="PASS" starttime="20230627 15:10:48.317" endtime="20230627 15:10:48.416"/>
</kw>
<kw name="Click Element" library="SeleniumLibrary">
<arg>id=checkbox</arg>
<doc>Click the element identified by ``locator``.</doc>
<msg timestamp="20230627 15:10:48.420" level="INFO">Clicking element 'id=checkbox'.</msg>
<status status="PASS" starttime="20230627 15:10:48.417" endtime="20230627 15:10:48.519"/>
</kw>
<kw name="Click Button" library="SeleniumLibrary">
<arg>name=submit</arg>
<doc>Clicks the button identified by ``locator``.</doc>
<msg timestamp="20230627 15:10:48.523" level="INFO">Clicking button 'name=submit'.</msg>
<status status="PASS" starttime="20230627 15:10:48.520" endtime="20230627 15:10:48.989"/>
</kw>
<kw name="Wait Until Page Contains" library="SeleniumLibrary">
<arg>Verifikasi Email</arg>
<doc>Waits until ``text`` appears on the current page.</doc>
<msg timestamp="20230627 15:10:54.492" level="INFO" html="true">&lt;/td&gt;&lt;/tr&gt;&lt;tr&gt;&lt;td colspan="3"&gt;&lt;a href="selenium-screenshot-2.png"&gt;&lt;img src="selenium-screenshot-2.png" width="800px"&gt;&lt;/a&gt;</msg>
<msg timestamp="20230627 15:10:54.493" level="FAIL">Text 'Verifikasi Email' did not appear in 5 seconds.</msg>
<status status="FAIL" starttime="20230627 15:10:48.994" endtime="20230627 15:11:20.184"/>
</kw>
<kw name="Close Browser" library="SeleniumLibrary">
<doc>Closes the current browser.</doc>
<status status="NOT RUN" starttime="20230627 15:11:20.185" endtime="20230627 15:11:20.186"/>
</kw>
<status status="FAIL" starttime="20230627 15:10:44.288" endtime="20230627 15:11:20.189">Text 'Verifikasi Email' did not appear in 5 seconds.</status>
</test>
<test id="s1-t3" name="TC03" line="37">
<kw name="Open Browser" library="SeleniumLibrary">
<arg>${URL}</arg>
<arg>${BROWSER}</arg>
<doc>Opens a new browser instance to the optional ``url``.</doc>
<msg timestamp="20230627 15:11:20.198" level="INFO">Opening browser 'Chrome' to base url 'https://alpha.surveyasia.id/register/researcher'.</msg>
<status status="PASS" starttime="20230627 15:11:20.194" endtime="20230627 15:11:26.118"/>
</kw>
<kw name="Maximize Browser Window" library="SeleniumLibrary">
<doc>Maximizes current browser window.</doc>
<status status="PASS" starttime="20230627 15:11:26.120" endtime="20230627 15:11:26.252"/>
</kw>
<kw name="Input Text" library="SeleniumLibrary">
<arg>id=nama_lengkap</arg>
<arg>jj123</arg>
<doc>Types the given ``text`` into the text field identified by ``locator``.</doc>
<msg timestamp="20230627 15:11:26.255" level="INFO">Typing text 'jj123' into text field 'id=nama_lengkap'.</msg>
<status status="PASS" starttime="20230627 15:11:26.253" endtime="20230627 15:11:26.395"/>
</kw>
<kw name="Input Text" library="SeleniumLibrary">
<arg>id=email</arg>
<arg>johndoie@example.com</arg>
<doc>Types the given ``text`` into the text field identified by ``locator``.</doc>
<msg timestamp="20230627 15:11:26.400" level="INFO">Typing text 'johndoie@example.com' into text field 'id=email'.</msg>
<status status="PASS" starttime="20230627 15:11:26.397" endtime="20230627 15:11:26.510"/>
</kw>
<kw name="Input Text" library="SeleniumLibrary">
<arg>id=telp</arg>
<arg>+6281234567890</arg>
<doc>Types the given ``text`` into the text field identified by ``locator``.</doc>
<msg timestamp="20230627 15:11:26.513" level="INFO">Typing text '+6281234567890' into text field 'id=telp'.</msg>
<status status="PASS" starttime="20230627 15:11:26.512" endtime="20230627 15:11:26.609"/>
</kw>
<kw name="Input Password" library="SeleniumLibrary">
<arg>id=password</arg>
<arg>Mypassword123@</arg>
<doc>Types the given password into the text field identified by ``locator``.</doc>
<msg timestamp="20230627 15:11:26.611" level="INFO">Typing password into text field 'id=password'.</msg>
<msg timestamp="20230627 15:11:26.645" level="INFO">Temporally setting log level to: NONE</msg>
<msg timestamp="20230627 15:11:26.704" level="INFO">Log level changed from NONE to INFO.</msg>
<status status="PASS" starttime="20230627 15:11:26.610" endtime="20230627 15:11:26.704"/>
</kw>
<kw name="Input Password" library="SeleniumLibrary">
<arg>id=password_confirmation</arg>
<arg>Mypassword123@</arg>
<doc>Types the given password into the text field identified by ``locator``.</doc>
<msg timestamp="20230627 15:11:26.708" level="INFO">Typing password into text field 'id=password_confirmation'.</msg>
<msg timestamp="20230627 15:11:26.748" level="INFO">Temporally setting log level to: NONE</msg>
<msg timestamp="20230627 15:11:26.810" level="INFO">Log level changed from NONE to INFO.</msg>
<status status="PASS" starttime="20230627 15:11:26.705" endtime="20230627 15:11:26.810"/>
</kw>
<kw name="Click Element" library="SeleniumLibrary">
<arg>id=checkbox</arg>
<doc>Click the element identified by ``locator``.</doc>
<msg timestamp="20230627 15:11:26.813" level="INFO">Clicking element 'id=checkbox'.</msg>
<status status="PASS" starttime="20230627 15:11:26.811" endtime="20230627 15:11:26.863"/>
</kw>
<kw name="Click Button" library="SeleniumLibrary">
<arg>name=submit</arg>
<doc>Clicks the button identified by ``locator``.</doc>
<msg timestamp="20230627 15:11:26.866" level="INFO">Clicking button 'name=submit'.</msg>
<status status="PASS" starttime="20230627 15:11:26.863" endtime="20230627 15:11:27.188"/>
</kw>
<kw name="Get Text" library="SeleniumLibrary">
<var>${error_message}</var>
<arg>xpath=/html/body/section/div/div/div[2]/div/div/form/div[1]/div</arg>
<doc>Returns the text value of the element identified by ``locator``.</doc>
<msg timestamp="20230627 15:11:27.412" level="INFO">${error_message} = Nama Lengkap hanya boleh berisi huruf.</msg>
<status status="PASS" starttime="20230627 15:11:27.189" endtime="20230627 15:11:27.413"/>
</kw>
<kw name="Should Be Equal As Strings" library="BuiltIn">
<arg>${error_message}</arg>
<arg>Nama Lengkap hanya boleh berisi huruf.</arg>
<doc>Fails if objects are unequal after converting them to strings.</doc>
<status status="PASS" starttime="20230627 15:11:27.414" endtime="20230627 15:11:27.416"/>
</kw>
<kw name="Close Browser" library="SeleniumLibrary">
<doc>Closes the current browser.</doc>
<status status="PASS" starttime="20230627 15:11:27.418" endtime="20230627 15:11:29.553"/>
</kw>
<status status="PASS" starttime="20230627 15:11:20.193" endtime="20230627 15:11:29.554"/>
</test>
<test id="s1-t4" name="TC04" line="51">
<kw name="Open Browser" library="SeleniumLibrary">
<arg>${URL}</arg>
<arg>${BROWSER}</arg>
<doc>Opens a new browser instance to the optional ``url``.</doc>
<msg timestamp="20230627 15:11:29.561" level="INFO">Opening browser 'Chrome' to base url 'https://alpha.surveyasia.id/register/researcher'.</msg>
<status status="PASS" starttime="20230627 15:11:29.559" endtime="20230627 15:11:36.701"/>
</kw>
<kw name="Maximize Browser Window" library="SeleniumLibrary">
<doc>Maximizes current browser window.</doc>
<status status="PASS" starttime="20230627 15:11:36.702" endtime="20230627 15:11:36.824"/>
</kw>
<kw name="Input Text" library="SeleniumLibrary">
<arg>id=nama_lengkap</arg>
<arg>example</arg>
<doc>Types the given ``text`` into the text field identified by ``locator``.</doc>
<msg timestamp="20230627 15:11:36.832" level="INFO">Typing text 'example' into text field 'id=nama_lengkap'.</msg>
<status status="PASS" starttime="20230627 15:11:36.828" endtime="20230627 15:11:36.937"/>
</kw>
<kw name="Input Text" library="SeleniumLibrary">
<arg>id=email</arg>
<arg>example</arg>
<doc>Types the given ``text`` into the text field identified by ``locator``.</doc>
<msg timestamp="20230627 15:11:36.941" level="INFO">Typing text 'example' into text field 'id=email'.</msg>
<status status="PASS" starttime="20230627 15:11:36.939" endtime="20230627 15:11:37.069"/>
</kw>
<kw name="Input Text" library="SeleniumLibrary">
<arg>id=telp</arg>
<arg>+6281234567890</arg>
<doc>Types the given ``text`` into the text field identified by ``locator``.</doc>
<msg timestamp="20230627 15:11:37.072" level="INFO">Typing text '+6281234567890' into text field 'id=telp'.</msg>
<status status="PASS" starttime="20230627 15:11:37.070" endtime="20230627 15:11:37.162"/>
</kw>
<kw name="Input Password" library="SeleniumLibrary">
<arg>id=password</arg>
<arg>Mypassword123@</arg>
<doc>Types the given password into the text field identified by ``locator``.</doc>
<msg timestamp="20230627 15:11:37.165" level="INFO">Typing password into text field 'id=password'.</msg>
<msg timestamp="20230627 15:11:37.201" level="INFO">Temporally setting log level to: NONE</msg>
<msg timestamp="20230627 15:11:37.251" level="INFO">Log level changed from NONE to INFO.</msg>
<status status="PASS" starttime="20230627 15:11:37.162" endtime="20230627 15:11:37.252"/>
</kw>
<kw name="Input Password" library="SeleniumLibrary">
<arg>id=password_confirmation</arg>
<arg>Mypassword123@</arg>
<doc>Types the given password into the text field identified by ``locator``.</doc>
<msg timestamp="20230627 15:11:37.261" level="INFO">Typing password into text field 'id=password_confirmation'.</msg>
<msg timestamp="20230627 15:11:37.305" level="INFO">Temporally setting log level to: NONE</msg>
<msg timestamp="20230627 15:11:37.358" level="INFO">Log level changed from NONE to INFO.</msg>
<status status="PASS" starttime="20230627 15:11:37.258" endtime="20230627 15:11:37.359"/>
</kw>
<kw name="Click Element" library="SeleniumLibrary">
<arg>id=checkbox</arg>
<doc>Click the element identified by ``locator``.</doc>
<msg timestamp="20230627 15:11:37.362" level="INFO">Clicking element 'id=checkbox'.</msg>
<status status="PASS" starttime="20230627 15:11:37.361" endtime="20230627 15:11:37.462"/>
</kw>
<kw name="Click Button" library="SeleniumLibrary">
<arg>name=submit</arg>
<doc>Clicks the button identified by ``locator``.</doc>
<msg timestamp="20230627 15:11:37.466" level="INFO">Clicking button 'name=submit'.</msg>
<status status="PASS" starttime="20230627 15:11:37.463" endtime="20230627 15:11:37.528"/>
</kw>
<kw name="Get Element Attribute" library="SeleniumLibrary">
<var>${class}</var>
<arg>css=#email</arg>
<arg>class</arg>
<doc>Returns the value of ``attribute`` from the element ``locator``.</doc>
<msg timestamp="20230627 15:11:37.569" level="INFO">${class} = form-control </msg>
<status status="PASS" starttime="20230627 15:11:37.532" endtime="20230627 15:11:37.569"/>
</kw>
<kw name="Should Contain" library="BuiltIn">
<arg>${class}</arg>
<arg>form-control</arg>
<doc>Fails if ``container`` does not contain ``item`` one or more times.</doc>
<status status="PASS" starttime="20230627 15:11:37.570" endtime="20230627 15:11:37.571"/>
</kw>
<kw name="Close Browser" library="SeleniumLibrary">
<doc>Closes the current browser.</doc>
<status status="PASS" starttime="20230627 15:11:37.572" endtime="20230627 15:11:39.871"/>
</kw>
<status status="PASS" starttime="20230627 15:11:29.558" endtime="20230627 15:11:39.873"/>
</test>
<status status="FAIL" starttime="20230627 15:10:35.857" endtime="20230627 15:11:39.890"/>
</suite>
<statistics>
<total>
<stat pass="3" fail="1" skip="0">All Tests</stat>
</total>
<tag>
</tag>
<suite>
<stat pass="3" fail="1" skip="0" id="s1" name="Testcases">Testcases</stat>
</suite>
</statistics>
<errors>
</errors>
</robot>
